d:\workspaces\vsworkspaces\graphics\lab3\lab3\debug\vc140.pdb
d:\workspaces\vsworkspaces\graphics\lab3\lab3\debug\vc140.idb
d:\workspaces\vsworkspaces\graphics\lab3\lab3\debug\source.obj
d:\workspaces\vsworkspaces\graphics\lab3\lab3\debug\test.obj
d:\workspaces\vsworkspaces\graphics\lab3\lab3\debug\testmain.obj
d:\workspaces\vsworkspaces\graphics\lab3\debug\lab3.pdb
d:\workspaces\vsworkspaces\graphics\lab3\lab3\debug\lab3.tlog\cl.command.1.tlog
d:\workspaces\vsworkspaces\graphics\lab3\lab3\debug\lab3.tlog\cl.read.1.tlog
d:\workspaces\vsworkspaces\graphics\lab3\lab3\debug\lab3.tlog\cl.write.1.tlog
d:\workspaces\vsworkspaces\graphics\lab3\lab3\debug\lab3.tlog\link-cvtres.read.1.tlog
d:\workspaces\vsworkspaces\graphics\lab3\lab3\debug\lab3.tlog\link-cvtres.write.1.tlog
d:\workspaces\vsworkspaces\graphics\lab3\lab3\debug\lab3.tlog\link-rc.read.1.tlog
d:\workspaces\vsworkspaces\graphics\lab3\lab3\debug\lab3.tlog\link-rc.write.1.tlog
d:\workspaces\vsworkspaces\graphics\lab3\lab3\debug\lab3.tlog\link.14312-cvtres.read.1.tlog
d:\workspaces\vsworkspaces\graphics\lab3\lab3\debug\lab3.tlog\link.14312-cvtres.write.1.tlog
d:\workspaces\vsworkspaces\graphics\lab3\lab3\debug\lab3.tlog\link.14312-rc.read.1.tlog
d:\workspaces\vsworkspaces\graphics\lab3\lab3\debug\lab3.tlog\link.14312-rc.write.1.tlog
d:\workspaces\vsworkspaces\graphics\lab3\lab3\debug\lab3.tlog\link.14312.read.1.tlog
d:\workspaces\vsworkspaces\graphics\lab3\lab3\debug\lab3.tlog\link.14312.write.1.tlog
d:\workspaces\vsworkspaces\graphics\lab3\lab3\debug\lab3.tlog\link.command.1.tlog
d:\workspaces\vsworkspaces\graphics\lab3\lab3\debug\lab3.tlog\link.read.1.tlog
d:\workspaces\vsworkspaces\graphics\lab3\lab3\debug\lab3.tlog\link.write.1.tlog
